<?xml version="1.0" encoding="UTF-8"?>
<!-- Generated by org.testng.reporters.JUnitReportReporter -->
<testsuite hostname="DESKTOP-ATUIG88" failures="0" tests="1" name="testCases.TC4_GiftNote" time="17.669" errors="0" timestamp="19 Nov 2021 19:29:11 GMT" skipped="0">
  <testcase classname="testCases.TC4_GiftNote" name="GiftNote" time="17.669"/>
</testsuite> <!-- testCases.TC4_GiftNote -->
