<?xml version="1.0" encoding="UTF-8"?>
<!-- Generated by org.testng.reporters.JUnitReportReporter -->
<testsuite hostname="DESKTOP-ATUIG88" failures="0" tests="1" name="testCases.TC7_Quantity" time="15.029" errors="0" timestamp="19 Nov 2021 19:29:11 GMT" skipped="0">
  <testcase classname="testCases.TC7_Quantity" name="ChristmasGift" time="15.029"/>
</testsuite> <!-- testCases.TC7_Quantity -->
