<?xml version="1.0" encoding="UTF-8"?>
<!-- Generated by org.testng.reporters.JUnitReportReporter -->
<testsuite hostname="DESKTOP-ATUIG88" failures="0" tests="1" name="testCases.TC10_shippingPolicy" time="12.020" errors="0" timestamp="19 Nov 2021 19:29:11 GMT" skipped="0">
  <testcase classname="testCases.TC10_shippingPolicy" name="coffee" time="12.020"/>
</testsuite> <!-- testCases.TC10_shippingPolicy -->
